<?xml version="1.0" encoding="UTF-8"?>
<!-- Generated by org.testng.reporters.JUnitReportReporter -->
<testsuite skipped="0" hostname="Admin-PC" name="testcases.TC2" tests="1" failures="0" timestamp="02 Apr 2019 22:55:19 GMT" time="101.989" errors="0">
  <testcase name="signincheck" time="101.989" classname="testcases.TC2"/>
</testsuite> <!-- testcases.TC2 -->
