<?xml version="1.0" encoding="UTF-8"?>
<!-- Generated by org.testng.reporters.JUnitReportReporter -->
<testsuite skipped="0" hostname="Admin-PC" name="testcases.TC4" tests="2" failures="0" timestamp="02 Apr 2019 23:41:05 GMT" time="25.571" errors="0">
  <testcase name="signincheck" time="17.328" classname="testcases.TC4"/>
  <testcase name="signincheck" time="8.243" classname="testcases.TC4"/>
</testsuite> <!-- testcases.TC4 -->
